<?xml version="1.0" encoding="UTF-8"?>
<testng-results ignored="0" total="1" passed="1" failed="0" skipped="0">
  <reporter-output>
  </reporter-output>
  <suite started-at="2024-07-17T11:08:48 IST" name="Suite" finished-at="2024-07-17T11:08:57 IST" duration-ms="8808">
    <groups>
      <group name="cucumber">
        <method signature="AbstractTestNGCucumberTests.runScenario(io.cucumber.testng.PickleWrapper,io.cucumber.testng.FeatureWrapper)[pri:0, instance:com.qa.auto.modules.TestRunner@712625fd]" name="runScenario" class="io.cucumber.testng.AbstractTestNGCucumberTests"/>
      </group> <!-- cucumber -->
    </groups>
    <test started-at="2024-07-17T11:08:48 IST" name="Test" finished-at="2024-07-17T11:08:57 IST" duration-ms="8808">
      <class name="com.qa.auto.modules.TestRunner">
        <test-method is-config="true" signature="setUpClass(org.testng.ITestContext)[pri:0, instance:com.qa.auto.modules.TestRunner@712625fd]" started-at="2024-07-17T11:08:48 IST" name="setUpClass" finished-at="2024-07-17T11:08:50 IST" duration-ms="1183" status="PASS">
          <params>
            <param index="0">
              <value>
                <![CDATA[org.testng.TestRunner@36359723]]>
              </value>
            </param>
          </params>
          <reporter-output>
          </reporter-output>
        </test-method> <!-- setUpClass -->
        <test-method signature="runScenario(io.cucumber.testng.PickleWrapper,io.cucumber.testng.FeatureWrapper)[pri:0, instance:com.qa.auto.modules.TestRunner@712625fd]" started-at="2024-07-17T11:08:50 IST" name="runScenario" description="Runs Cucumber Scenarios" data-provider="scenarios" finished-at="2024-07-17T11:08:57 IST" duration-ms="6954" status="PASS">
          <params>
            <param index="0">
              <value>
                <![CDATA["Verify the registration process"]]>
              </value>
            </param>
            <param index="1">
              <value>
                <![CDATA["Home Page"]]>
              </value>
            </param>
          </params>
          <reporter-output>
          </reporter-output>
        </test-method> <!-- runScenario -->
        <test-method is-config="true" signature="tearDownClass()[pri:0, instance:com.qa.auto.modules.TestRunner@712625fd]" started-at="2024-07-17T11:08:57 IST" name="tearDownClass" finished-at="2024-07-17T11:08:57 IST" duration-ms="620" status="PASS">
          <reporter-output>
          </reporter-output>
        </test-method> <!-- tearDownClass -->
      </class> <!-- com.qa.auto.modules.TestRunner -->
    </test> <!-- Test -->
  </suite> <!-- Suite -->
</testng-results>
